2003.10.12 12:09 B G:\UTS\SimAssessment\ftp\Development\overlib3.js <-- SimAssessment /Development overlib3.js
2003.10.12 12:09 B G:\UTS\SimAssessment\ftp\Development\start_semester.cfm <-- SimAssessment /Development start_semester.cfm
2003.10.12 12:09 B G:\UTS\SimAssessment\ftp\Development\semester_setup.cfm <-- SimAssessment /Development semester_setup.cfm
2003.10.12 12:09 B G:\UTS\SimAssessment\ftp\Development\calculation_engine.cfm <-- SimAssessment /Development calculation_engine.cfm
2003.10.12 12:09 B G:\UTS\SimAssessment\ftp\Development\edit_assessment.cfm <-- SimAssessment /Development edit_assessment.cfm
2003.10.12 12:09 B G:\UTS\SimAssessment\ftp\Development\final_report.cfm <-- SimAssessment /Development final_report.cfm
2003.10.12 12:09 B G:\UTS\SimAssessment\ftp\Development\add_assessment.cfm <-- SimAssessment /Development add_assessment.cfm
2003.10.12 12:09 B G:\UTS\SimAssessment\ftp\Development\start.cfm <-- SimAssessment /Development start.cfm
2003.10.12 12:09 B G:\UTS\SimAssessment\ftp\Development\class_generator.cfm <-- SimAssessment /Development class_generator.cfm
2003.10.12 12:09 B G:\UTS\SimAssessment\ftp\Development\index.html <-- SimAssessment /Development index.html
2003.10.12 12:09 B G:\UTS\SimAssessment\ftp\Development\outcomes_graph.cfm <-- SimAssessment /Development outcomes_graph.cfm
2003.10.12 12:09 B G:\UTS\SimAssessment\ftp\Development\synopsis.cfm <-- SimAssessment /Development synopsis.cfm
2003.10.12 12:09 B G:\UTS\SimAssessment\ftp\Development\mentor_comment.cfm <-- SimAssessment /Development mentor_comment.cfm
2003.10.12 12:09 B G:\UTS\SimAssessment\ftp\Development\flush_Test.cfm <-- SimAssessment /Development flush_Test.cfm
2003.10.12 12:09 B G:\UTS\SimAssessment\ftp\Development\letter.cfm <-- SimAssessment /Development letter.cfm
2003.10.12 12:09 B G:\UTS\SimAssessment\ftp\Development\test.cfm <-- SimAssessment /Development test.cfm
2003.10.12 12:09 B G:\UTS\SimAssessment\ftp\Development\Application.cfm <-- SimAssessment /Development Application.cfm
2003.10.12 12:09 B G:\UTS\SimAssessment\ftp\Development\sim.css <-- SimAssessment /Development sim.css
2003.10.12 12:09 B G:\UTS\SimAssessment\ftp\Development\options.cfm <-- SimAssessment /Development options.cfm
2003.10.12 12:09 B G:\UTS\SimAssessment\ftp\Development\image.cfm <-- SimAssessment /Development image.cfm
