2003.10.12 12:09 B G:\UTS\SimAssessment\ftp\Development\images\photo.jpg <-- SimAssessment /Development/images photo.jpg
2003.10.12 12:09 B G:\UTS\SimAssessment\ftp\Development\images\splash_04.gif <-- SimAssessment /Development/images splash_04.gif
2003.10.12 12:09 B G:\UTS\SimAssessment\ftp\Development\images\bgd.gif <-- SimAssessment /Development/images bgd.gif
2003.10.12 12:09 B G:\UTS\SimAssessment\ftp\Development\images\splash_02.gif <-- SimAssessment /Development/images splash_02.gif
2003.10.12 12:09 B G:\UTS\SimAssessment\ftp\Development\images\students.gif <-- SimAssessment /Development/images students.gif
2003.10.12 12:09 B G:\UTS\SimAssessment\ftp\Development\images\mentor.gif <-- SimAssessment /Development/images mentor.gif
2003.10.12 12:09 B G:\UTS\SimAssessment\ftp\Development\images\outcomes.gif <-- SimAssessment /Development/images outcomes.gif
2003.10.12 12:09 B G:\UTS\SimAssessment\ftp\Development\images\chart_05.gif <-- SimAssessment /Development/images chart_05.gif
2003.10.12 12:09 B G:\UTS\SimAssessment\ftp\Development\images\chart_03.gif <-- SimAssessment /Development/images chart_03.gif
2003.10.12 12:09 B G:\UTS\SimAssessment\ftp\Development\images\outcomes_chart.gif <-- SimAssessment /Development/images outcomes_chart.gif
2003.10.12 12:09 B G:\UTS\SimAssessment\ftp\Development\images\splash_05.gif <-- SimAssessment /Development/images splash_05.gif
2003.10.12 12:09 B G:\UTS\SimAssessment\ftp\Development\images\splash_09.gif <-- SimAssessment /Development/images splash_09.gif
2003.10.12 12:09 B G:\UTS\SimAssessment\ftp\Development\images\Title.gif <-- SimAssessment /Development/images Title.gif
2003.10.12 12:09 B G:\UTS\SimAssessment\ftp\Development\images\chart_01.gif <-- SimAssessment /Development/images chart_01.gif
2003.10.12 12:09 B G:\UTS\SimAssessment\ftp\Development\images\splash_11.gif <-- SimAssessment /Development/images splash_11.gif
2003.10.12 12:09 B G:\UTS\SimAssessment\ftp\Development\images\splash_12.gif <-- SimAssessment /Development/images splash_12.gif
2003.10.12 12:09 B G:\UTS\SimAssessment\ftp\Development\images\numbers.gif <-- SimAssessment /Development/images numbers.gif
2003.10.12 12:09 B G:\UTS\SimAssessment\ftp\Development\images\outcomes_top.gif <-- SimAssessment /Development/images outcomes_top.gif
2003.10.12 12:09 B G:\UTS\SimAssessment\ftp\Development\images\progress.gif <-- SimAssessment /Development/images progress.gif
2003.10.12 12:09 B G:\UTS\SimAssessment\ftp\Development\images\progress-over.gif <-- SimAssessment /Development/images progress-over.gif
2003.10.12 12:09 B G:\UTS\SimAssessment\ftp\Development\images\anxious-over.gif <-- SimAssessment /Development/images anxious-over.gif
2003.10.12 12:09 B G:\UTS\SimAssessment\ftp\Development\images\happy-over.gif <-- SimAssessment /Development/images happy-over.gif
2003.10.12 12:09 B G:\UTS\SimAssessment\ftp\Development\images\backtoclass-over.gif <-- SimAssessment /Development/images backtoclass-over.gif
2003.10.12 12:09 B G:\UTS\SimAssessment\ftp\Development\images\continue-over.gif <-- SimAssessment /Development/images continue-over.gif
2003.10.12 12:09 B G:\UTS\SimAssessment\ftp\Development\images\UTSlogo.gif <-- SimAssessment /Development/images UTSlogo.gif
2003.10.12 12:09 B G:\UTS\SimAssessment\ftp\Development\images\continue.gif <-- SimAssessment /Development/images continue.gif
2003.10.12 12:09 B G:\UTS\SimAssessment\ftp\Development\images\panel_top.gif <-- SimAssessment /Development/images panel_top.gif
2003.10.12 12:09 B G:\UTS\SimAssessment\ftp\Development\images\backtoclass.gif <-- SimAssessment /Development/images backtoclass.gif
2003.10.12 12:09 B G:\UTS\SimAssessment\ftp\Development\images\splash_08.gif <-- SimAssessment /Development/images splash_08.gif
2003.10.12 12:09 B G:\UTS\SimAssessment\ftp\Development\images\depressed-over.gif <-- SimAssessment /Development/images depressed-over.gif
2003.10.12 12:09 B G:\UTS\SimAssessment\ftp\Development\images\stressed-over.gif <-- SimAssessment /Development/images stressed-over.gif
2003.10.12 12:09 B G:\UTS\SimAssessment\ftp\Development\images\start.gif <-- SimAssessment /Development/images start.gif
2003.10.12 12:09 B G:\UTS\SimAssessment\ftp\Development\images\setup-over.gif <-- SimAssessment /Development/images setup-over.gif
2003.10.12 12:09 B G:\UTS\SimAssessment\ftp\Development\images\Run-over.gif <-- SimAssessment /Development/images Run-over.gif
2003.10.12 12:09 B G:\UTS\SimAssessment\ftp\Development\images\Run.gif <-- SimAssessment /Development/images Run.gif
2003.10.12 12:09 B G:\UTS\SimAssessment\ftp\Development\images\setup.gif <-- SimAssessment /Development/images setup.gif
2003.10.12 12:09 B G:\UTS\SimAssessment\ftp\Development\images\more.gif <-- SimAssessment /Development/images more.gif
2003.10.12 12:09 B G:\UTS\SimAssessment\ftp\Development\images\UTS_logo.gif <-- SimAssessment /Development/images UTS_logo.gif
2003.10.12 12:09 B G:\UTS\SimAssessment\ftp\Development\images\neutral-over.gif <-- SimAssessment /Development/images neutral-over.gif
2003.10.12 12:09 B G:\UTS\SimAssessment\ftp\Development\images\start-over.gif <-- SimAssessment /Development/images start-over.gif
2003.10.12 12:09 B G:\UTS\SimAssessment\ftp\Development\images\more-over.gif <-- SimAssessment /Development/images more-over.gif
2003.10.12 12:09 B G:\UTS\SimAssessment\ftp\Development\images\panel_edit.gif <-- SimAssessment /Development/images panel_edit.gif
2003.10.12 12:09 B G:\UTS\SimAssessment\ftp\Development\images\anxious.gif <-- SimAssessment /Development/images anxious.gif
2003.10.12 12:09 B G:\UTS\SimAssessment\ftp\Development\images\happy.gif <-- SimAssessment /Development/images happy.gif
2003.10.12 12:09 B G:\UTS\SimAssessment\ftp\Development\images\stressed.gif <-- SimAssessment /Development/images stressed.gif
2003.10.12 12:09 B G:\UTS\SimAssessment\ftp\Development\images\depressed.gif <-- SimAssessment /Development/images depressed.gif
2003.10.12 12:09 B G:\UTS\SimAssessment\ftp\Development\images\neutral.gif <-- SimAssessment /Development/images neutral.gif
2003.10.12 12:09 B G:\UTS\SimAssessment\ftp\Development\images\outcomes_left.gif <-- SimAssessment /Development/images outcomes_left.gif
2003.10.12 12:09 B G:\UTS\SimAssessment\ftp\Development\images\chart_04.gif <-- SimAssessment /Development/images chart_04.gif
2003.10.12 12:09 B G:\UTS\SimAssessment\ftp\Development\images\students_bottom.gif <-- SimAssessment /Development/images students_bottom.gif
2003.10.12 12:09 B G:\UTS\SimAssessment\ftp\Development\images\home-over.gif <-- SimAssessment /Development/images home-over.gif
2003.10.12 12:09 B G:\UTS\SimAssessment\ftp\Development\images\help-over.gif <-- SimAssessment /Development/images help-over.gif
2003.10.12 12:09 B G:\UTS\SimAssessment\ftp\Development\images\home.gif <-- SimAssessment /Development/images home.gif
2003.10.12 12:09 B G:\UTS\SimAssessment\ftp\Development\images\help.gif <-- SimAssessment /Development/images help.gif
2003.10.12 12:09 B G:\UTS\SimAssessment\ftp\Development\images\timeline_tab13.gif <-- SimAssessment /Development/images timeline_tab13.gif
2003.10.12 12:09 B G:\UTS\SimAssessment\ftp\Development\images\timeline_tab10.gif <-- SimAssessment /Development/images timeline_tab10.gif
2003.10.12 12:09 B G:\UTS\SimAssessment\ftp\Development\images\timeline_tab14.gif <-- SimAssessment /Development/images timeline_tab14.gif
2003.10.12 12:09 B G:\UTS\SimAssessment\ftp\Development\images\timeline_tab12.gif <-- SimAssessment /Development/images timeline_tab12.gif
2003.10.12 12:09 B G:\UTS\SimAssessment\ftp\Development\images\timeline_tab8.gif <-- SimAssessment /Development/images timeline_tab8.gif
2003.10.12 12:09 B G:\UTS\SimAssessment\ftp\Development\images\timeline_tab6.gif <-- SimAssessment /Development/images timeline_tab6.gif
2003.10.12 12:09 B G:\UTS\SimAssessment\ftp\Development\images\timeline_tab9.gif <-- SimAssessment /Development/images timeline_tab9.gif
2003.10.12 12:09 B G:\UTS\SimAssessment\ftp\Development\images\timeline_tab3.gif <-- SimAssessment /Development/images timeline_tab3.gif
2003.10.12 12:09 B G:\UTS\SimAssessment\ftp\Development\images\timeline_tab11.gif <-- SimAssessment /Development/images timeline_tab11.gif
2003.10.12 12:09 B G:\UTS\SimAssessment\ftp\Development\images\timeline_tab4.gif <-- SimAssessment /Development/images timeline_tab4.gif
2003.10.12 12:09 B G:\UTS\SimAssessment\ftp\Development\images\timeline_tab2.gif <-- SimAssessment /Development/images timeline_tab2.gif
2003.10.12 12:09 B G:\UTS\SimAssessment\ftp\Development\images\timeline_tab5.gif <-- SimAssessment /Development/images timeline_tab5.gif
2003.10.12 12:10 B G:\UTS\SimAssessment\ftp\Development\images\timeline_tab7.gif <-- SimAssessment /Development/images timeline_tab7.gif
2003.10.12 12:10 B G:\UTS\SimAssessment\ftp\Development\images\timeline_tab1.gif <-- SimAssessment /Development/images timeline_tab1.gif
2003.10.12 12:10 B G:\UTS\SimAssessment\ftp\Development\images\mentor_T_07.gif <-- SimAssessment /Development/images mentor_T_07.gif
2003.10.12 12:10 B G:\UTS\SimAssessment\ftp\Development\images\students_top.gif <-- SimAssessment /Development/images students_top.gif
2003.10.12 12:10 B G:\UTS\SimAssessment\ftp\Development\images\Login_details.gif <-- SimAssessment /Development/images Login_details.gif
2003.10.12 12:10 B G:\UTS\SimAssessment\ftp\Development\images\timeline_top_02.gif <-- SimAssessment /Development/images timeline_top_02.gif
2003.10.12 12:10 B G:\UTS\SimAssessment\ftp\Development\images\timeline_weeks.gif <-- SimAssessment /Development/images timeline_weeks.gif
2003.10.12 12:10 B G:\UTS\SimAssessment\ftp\Development\images\mentor_T_01.gif <-- SimAssessment /Development/images mentor_T_01.gif
2003.10.12 12:10 B G:\UTS\SimAssessment\ftp\Development\images\timeline_tab.gif <-- SimAssessment /Development/images timeline_tab.gif
2003.10.12 12:10 B G:\UTS\SimAssessment\ftp\Development\images\splash_06.gif <-- SimAssessment /Development/images splash_06.gif
2003.10.12 12:10 B G:\UTS\SimAssessment\ftp\Development\images\panel_bottom.gif <-- SimAssessment /Development/images panel_bottom.gif
2003.10.12 12:10 B G:\UTS\SimAssessment\ftp\Development\images\students_right.gif <-- SimAssessment /Development/images students_right.gif
2003.10.12 12:10 B G:\UTS\SimAssessment\ftp\Development\images\students_left.gif <-- SimAssessment /Development/images students_left.gif
2003.10.12 12:10 B G:\UTS\SimAssessment\ftp\Development\images\timeline_w10.gif <-- SimAssessment /Development/images timeline_w10.gif
2003.10.12 12:10 B G:\UTS\SimAssessment\ftp\Development\images\timeline_w13.gif <-- SimAssessment /Development/images timeline_w13.gif
2003.10.12 12:10 B G:\UTS\SimAssessment\ftp\Development\images\timeline_w14.gif <-- SimAssessment /Development/images timeline_w14.gif
2003.10.12 12:10 B G:\UTS\SimAssessment\ftp\Development\images\timeline_w12.gif <-- SimAssessment /Development/images timeline_w12.gif
2003.10.12 12:10 B G:\UTS\SimAssessment\ftp\Development\images\timeline_w8.gif <-- SimAssessment /Development/images timeline_w8.gif
2003.10.12 12:10 B G:\UTS\SimAssessment\ftp\Development\images\timeline_w6.gif <-- SimAssessment /Development/images timeline_w6.gif
2003.10.12 12:10 B G:\UTS\SimAssessment\ftp\Development\images\timeline_w9.gif <-- SimAssessment /Development/images timeline_w9.gif
2003.10.12 12:10 B G:\UTS\SimAssessment\ftp\Development\images\timeline_w11.gif <-- SimAssessment /Development/images timeline_w11.gif
2003.10.12 12:10 B G:\UTS\SimAssessment\ftp\Development\images\timeline_end.gif <-- SimAssessment /Development/images timeline_end.gif
2003.10.12 12:10 B G:\UTS\SimAssessment\ftp\Development\images\timeline_w3.gif <-- SimAssessment /Development/images timeline_w3.gif
2003.10.12 12:10 B G:\UTS\SimAssessment\ftp\Development\images\timeline_w5.gif <-- SimAssessment /Development/images timeline_w5.gif
2003.10.12 12:10 B G:\UTS\SimAssessment\ftp\Development\images\timeline_w4.gif <-- SimAssessment /Development/images timeline_w4.gif
2003.10.12 12:10 B G:\UTS\SimAssessment\ftp\Development\images\timeline_w2.gif <-- SimAssessment /Development/images timeline_w2.gif
2003.10.12 12:10 B G:\UTS\SimAssessment\ftp\Development\images\timeline_arrow.gif <-- SimAssessment /Development/images timeline_arrow.gif
2003.10.12 12:10 B G:\UTS\SimAssessment\ftp\Development\images\timeline_w7.gif <-- SimAssessment /Development/images timeline_w7.gif
2003.10.12 12:10 B G:\UTS\SimAssessment\ftp\Development\images\timeline_w1.gif <-- SimAssessment /Development/images timeline_w1.gif
2003.10.12 12:10 B G:\UTS\SimAssessment\ftp\Development\images\chart_02.gif <-- SimAssessment /Development/images chart_02.gif
2003.10.12 12:10 B G:\UTS\SimAssessment\ftp\Development\images\mentor_left.gif <-- SimAssessment /Development/images mentor_left.gif
2003.10.12 12:10 B G:\UTS\SimAssessment\ftp\Development\images\13_cut_22.gif <-- SimAssessment /Development/images 13_cut_22.gif
2003.10.12 12:10 B G:\UTS\SimAssessment\ftp\Development\images\13_cut_23.gif <-- SimAssessment /Development/images 13_cut_23.gif
2003.10.12 12:10 B G:\UTS\SimAssessment\ftp\Development\images\13_cut_08.gif <-- SimAssessment /Development/images 13_cut_08.gif
2003.10.12 12:10 B G:\UTS\SimAssessment\ftp\Development\images\13_cut_02.gif <-- SimAssessment /Development/images 13_cut_02.gif
2003.10.12 12:10 B G:\UTS\SimAssessment\ftp\Development\images\spacer.gif <-- SimAssessment /Development/images spacer.gif
2003.10.12 12:10 B G:\UTS\SimAssessment\ftp\Development\images\dot_clear.gif <-- SimAssessment /Development/images dot_clear.gif
