2003.10.12 11:35 B G:\UTS\SimAssessment\ftp\gerhard\history\students.fla <-- SimAssessment /gerhard/history students.fla
2003.10.12 11:36 B G:\UTS\SimAssessment\ftp\gerhard\history\students(empty).fla <-- SimAssessment /gerhard/history students(empty).fla
2003.10.12 11:37 B G:\UTS\SimAssessment\ftp\gerhard\history\sa16.fla <-- SimAssessment /gerhard/history sa16.fla
2003.10.12 11:55 B G:\UTS\SimAssessment\ftp\gerhard\history\sa15.fla <-- SimAssessment /gerhard/history sa15.fla
2003.10.12 12:11 B G:\UTS\SimAssessment\ftp\gerhard\history\sa14.fla <-- SimAssessment /gerhard/history sa14.fla
2003.10.12 12:12 B G:\UTS\SimAssessment\ftp\gerhard\history\sa13.fla <-- SimAssessment /gerhard/history sa13.fla
2003.10.12 12:13 B G:\UTS\SimAssessment\ftp\gerhard\history\sa11.fla <-- SimAssessment /gerhard/history sa11.fla
2003.10.12 12:14 B G:\UTS\SimAssessment\ftp\gerhard\history\sa12.fla <-- SimAssessment /gerhard/history sa12.fla
2003.10.12 12:15 B G:\UTS\SimAssessment\ftp\gerhard\history\sa10.fla <-- SimAssessment /gerhard/history sa10.fla
2003.10.12 12:15 B G:\UTS\SimAssessment\ftp\gerhard\history\sa08.fla <-- SimAssessment /gerhard/history sa08.fla
2003.10.12 12:16 B G:\UTS\SimAssessment\ftp\gerhard\history\sa07.fla <-- SimAssessment /gerhard/history sa07.fla
2003.10.12 12:17 B G:\UTS\SimAssessment\ftp\gerhard\history\sa06.fla <-- SimAssessment /gerhard/history sa06.fla
2003.10.12 12:17 B G:\UTS\SimAssessment\ftp\gerhard\history\sa06x.fla <-- SimAssessment /gerhard/history sa06x.fla
2003.10.12 12:18 B G:\UTS\SimAssessment\ftp\gerhard\history\sa05.fla <-- SimAssessment /gerhard/history sa05.fla
2003.10.12 12:18 B G:\UTS\SimAssessment\ftp\gerhard\history\sa04.fla <-- SimAssessment /gerhard/history sa04.fla
2003.10.12 12:19 B G:\UTS\SimAssessment\ftp\gerhard\history\sa02.fla <-- SimAssessment /gerhard/history sa02.fla
2003.10.12 12:19 B G:\UTS\SimAssessment\ftp\gerhard\history\sa01.fla <-- SimAssessment /gerhard/history sa01.fla
2003.10.12 12:19 B G:\UTS\SimAssessment\ftp\gerhard\history\sa06.swf <-- SimAssessment /gerhard/history sa06.swf
2003.10.12 12:20 B G:\UTS\SimAssessment\ftp\gerhard\history\sa06x.swf <-- SimAssessment /gerhard/history sa06x.swf
2003.10.12 12:20 B G:\UTS\SimAssessment\ftp\gerhard\history\sa03.swf <-- SimAssessment /gerhard/history sa03.swf
2003.10.12 12:20 B G:\UTS\SimAssessment\ftp\gerhard\history\sa07.swf <-- SimAssessment /gerhard/history sa07.swf
2003.10.12 12:20 B G:\UTS\SimAssessment\ftp\gerhard\history\sa08.swf <-- SimAssessment /gerhard/history sa08.swf
2003.10.12 12:21 B G:\UTS\SimAssessment\ftp\gerhard\history\sa01.swf <-- SimAssessment /gerhard/history sa01.swf
2003.10.12 12:21 B G:\UTS\SimAssessment\ftp\gerhard\history\sa05.swf <-- SimAssessment /gerhard/history sa05.swf
2003.10.12 12:21 B G:\UTS\SimAssessment\ftp\gerhard\history\sa16.swf <-- SimAssessment /gerhard/history sa16.swf
2003.10.12 12:21 B G:\UTS\SimAssessment\ftp\gerhard\history\sa15.swf <-- SimAssessment /gerhard/history sa15.swf
2003.10.12 12:21 B G:\UTS\SimAssessment\ftp\gerhard\history\students1.swf <-- SimAssessment /gerhard/history students1.swf
2003.10.12 12:21 B G:\UTS\SimAssessment\ftp\gerhard\history\sa14.swf <-- SimAssessment /gerhard/history sa14.swf
2003.10.12 12:21 B G:\UTS\SimAssessment\ftp\gerhard\history\sa13.swf <-- SimAssessment /gerhard/history sa13.swf
2003.10.12 12:21 B G:\UTS\SimAssessment\ftp\gerhard\history\sa12.swf <-- SimAssessment /gerhard/history sa12.swf
2003.10.12 12:21 B G:\UTS\SimAssessment\ftp\gerhard\history\sa10.swf <-- SimAssessment /gerhard/history sa10.swf
2003.10.12 12:21 B G:\UTS\SimAssessment\ftp\gerhard\history\sa11.swf <-- SimAssessment /gerhard/history sa11.swf
2003.10.12 12:21 B G:\UTS\SimAssessment\ftp\gerhard\history\students0.swf <-- SimAssessment /gerhard/history students0.swf
